<?xml version="1.0" encoding="UTF-8"?>
<testng-results skipped="0" failed="0" ignored="0" total="1" passed="1">
  <reporter-output>
  </reporter-output>
  <suite name="Default suite" duration-ms="1123" started-at="2019-05-23T19:01:15Z" finished-at="2019-05-23T19:01:17Z">
    <groups>
      <group name="cucumber">
        <method signature="TestRunner.feature(cucumber.api.testng.CucumberFeatureWrapper)[pri:0, instance:testrunner.TestRunner@d62f43]" name="feature" class="testrunner.TestRunner"/>
      </group> <!-- cucumber -->
    </groups>
    <test name="Default test" duration-ms="1123" started-at="2019-05-23T19:01:15Z" finished-at="2019-05-23T19:01:17Z">
      <class name="testrunner.TestRunner">
        <test-method status="PASS" signature="setUpClass()[pri:0, instance:testrunner.TestRunner@d62f43]" name="setUpClass" is-config="true" duration-ms="678" started-at="2019-05-23T19:01:15Z" finished-at="2019-05-23T19:01:16Z">
          <reporter-output>
          </reporter-output>
        </test-method> <!-- setUpClass -->
        <test-method status="PASS" signature="feature(cucumber.api.testng.CucumberFeatureWrapper)[pri:0, instance:testrunner.TestRunner@d62f43]" name="feature" duration-ms="104" started-at="2019-05-23T19:01:16Z" description="Runs Cucumber Feature" data-provider="features" finished-at="2019-05-23T19:01:16Z">
          <params>
            <param index="0">
              <value>
                <![CDATA[Login feature]]>
              </value>
            </param>
          </params>
          <reporter-output>
          </reporter-output>
        </test-method> <!-- feature -->
        <test-method status="PASS" signature="tearDownClass()[pri:0, instance:testrunner.TestRunner@d62f43]" name="tearDownClass" is-config="true" duration-ms="67" started-at="2019-05-23T19:01:16Z" finished-at="2019-05-23T19:01:17Z">
          <reporter-output>
          </reporter-output>
        </test-method> <!-- tearDownClass -->
      </class> <!-- testrunner.TestRunner -->
    </test> <!-- Default test -->
  </suite> <!-- Default suite -->
</testng-results>
